<?xml version="1.0" encoding="UTF-8"?>
<!-- Generated by org.testng.reporters.JUnitXMLReporter -->
<testsuite ignored="0" hostname="sandhiya" failures="1" tests="4" name="Test" time="22.198" errors="0" timestamp="2024-06-27T16:02:29 IST">
  <testcase classname="tests.SubmitOrderTest" name="submitOrder" time="3.456"/>
  <testcase classname="tests.SubmitOrderTest" name="submitOrder" time="3.433"/>
  <testcase classname="tests.SubmitOrderTest" name="orderHistoryTest" time="0.954"/>
  <testcase classname="tests.errorValidationTest" name="errorValidation" time="0.641">
    <failure type="junit.framework.ComparisonFailure" message="expected:&amp;lt;......&amp;gt; but was:&amp;lt;...or...&amp;gt;">
      <![CDATA[junit.framework.ComparisonFailure: expected:<......> but was:<...or...>
at junit.framework.Assert.assertEquals(Assert.java:81)
at junit.framework.Assert.assertEquals(Assert.java:87)
at tests.errorValidationTest.errorValidation(errorValidationTest.java:32)
at java.base/java.util.ArrayList.forEach(ArrayList.java:1597)
... Removed 25 stack frames]]>
    </failure>
  </testcase> <!-- errorValidation -->
</testsuite> <!-- Test -->
